<?xml version="1.0" encoding="UTF-8"?>
<!-- Generated by org.testng.reporters.JUnitReportReporter -->
<testsuite skipped="0" hostname="ET-C02T91MYG8WN.local" name="com.spotify.oauth2.tests.PlayListTests" tests="5" failures="0" timestamp="2021-04-29T13:00:44 IST" time="19.211" errors="0">
  <testcase name="create_playlist" time="4.167" classname="com.spotify.oauth2.tests.PlayListTests"/>
  <system-out/>
  <testcase name="update_playlist" time="4.076" classname="com.spotify.oauth2.tests.PlayListTests"/>
  <system-out/>
  <testcase name="get_playlist" time="4.042" classname="com.spotify.oauth2.tests.PlayListTests"/>
  <system-out/>
  <testcase name="not_create_playlist" time="3.981" classname="com.spotify.oauth2.tests.PlayListTests"/>
  <system-out/>
  <testcase name="invalid_access_token" time="2.945" classname="com.spotify.oauth2.tests.PlayListTests"/>
  <system-out/>
</testsuite> <!-- com.spotify.oauth2.tests.PlayListTests -->
