<?xml version="1.0" encoding="UTF-8"?>
<!-- Generated by org.testng.reporters.JUnitReportReporter -->
<testsuite skipped="0" hostname="ET-C02T91MYG8WN.local" name="com.spotify.oauth2.tests.PlayListTests" tests="5" failures="0" timestamp="2021-04-29T15:56:52 IST" time="19.378" errors="0">
  <testcase name="create_playlist" time="4.124" classname="com.spotify.oauth2.tests.PlayListTests"/>
  <system-out/>
  <testcase name="update_playlist" time="4.117" classname="com.spotify.oauth2.tests.PlayListTests"/>
  <system-out/>
  <testcase name="get_playlist" time="4.077" classname="com.spotify.oauth2.tests.PlayListTests"/>
  <system-out/>
  <testcase name="not_create_playlist" time="4.001" classname="com.spotify.oauth2.tests.PlayListTests"/>
  <system-out/>
  <testcase name="invalid_access_token" time="3.059" classname="com.spotify.oauth2.tests.PlayListTests"/>
  <system-out/>
</testsuite> <!-- com.spotify.oauth2.tests.PlayListTests -->
